build/app/intermediates/proguard-rules/release/aapt_rules.txt
# Referenced at merged_manifests/release/AndroidManifest.xml:22
-keep class androidx.core.app.CoreComponentFactory { <init>(); }
# Referenced at merged_manifests/release/AndroidManifest.xml:49
-keep class androidx.media.session.MediaButtonReceiver { <init>(); }
# Referenced at merged_manifests/release/AndroidManifest.xml:48
-keep class com.github.florent37.assets_audio_player.notification.NotificationActionReceiver { <init>(); }
# Referenced at merged_manifests/release/AndroidManifest.xml:55
-keep class com.github.florent37.assets_audio_player.notification.NotificationService { <init>(); }
# Referenced at merged_manifests/release/AndroidManifest.xml:27
-keep class com.xmassong.MainActivity { <init>(); }
# Referenced at merged_manifests/release/AndroidManifest.xml:22
-keep class io.flutter.app.FlutterApplication { <init>(); }
# Referenced at res/layout/exo_simple_player_view.xml:18
-keep class com.google.android.exoplayer2.ui.AspectRatioFrameLayout { <init>(...); }

# Referenced at res/layout/exo_simple_player_view.xml:35
-keep class com.google.android.exoplayer2.ui.SubtitleView { <init>(...); }

# Referenced at res/layout/exo_track_selection_dialog.xml:20
-keep class com.google.android.exoplayer2.ui.TrackSelectionView { <init>(...); }