build/app/outputs/mapping/release/mapping.txt
# compiler: R8
# compiler_version: 1.5.64
# min_api: 16
# pg_map_id: e00221f
com.xmassong.MainActivity -> com.xmassong.MainActivity:
    void configureFlutterEngine(io.flutter.embedding.engine.FlutterEngine) -> b
...
io.flutter.embedding.engine.FlutterEnginePluginRegistry$FlutterEngineActivityPluginBinding -> io.flutter.embedding.engine.c$c:
    java.util.Set onActivityResultListeners -> c
    java.util.Set onNewIntentListeners -> d
    java.util.Set onUserLeaveHintListeners -> e
    java.util.Set onSaveInstanceStateListeners -> f
    java.util.Set onRequestPermissionsResultListeners -> b
    android.app.Activity activity -> a
    void addOnNewIntentListener(io.flutter.plugin.common.PluginRegistry$NewIntentListener) -> a
    boolean onActivityResult(int,int,android.content.Intent) -> a
    void onNewIntent(android.content.Intent) -> a
    boolean onRequestPermissionsResult(int,java.lang.String[],int[]) -> a
    void onRestoreInstanceState(android.os.Bundle) -> a
    void onUserLeaveHint() -> a
    void onSaveInstanceState(android.os.Bundle) -> b
    android.app.Activity getActivity() -> f
io.flutter.embedding.engine.FlutterEnginePluginRegistry$FlutterEngineBroadcastReceiverPluginBinding -> io.flutter.embedding.engine.c$d:
io.flutter.embedding.engine.FlutterEnginePluginRegistry$FlutterEngineContentProviderPluginBinding -> io.flutter.embedding.engine.c$e:
io.flutter.embedding.engine.FlutterEnginePluginRegistry$FlutterEngineServicePluginBinding -> io.flutter.embedding.engine.c$f:
io.flutter.embedding.engine.FlutterJNI$AccessibilityDelegate -> io.flutter.embedding.engine.FlutterJNI$a:
    void updateCustomAccessibilityActions(java.nio.ByteBuffer,java.lang.String[]) -> a
    void updateSemantics(java.nio.ByteBuffer,java.lang.String[]) -> b
io.flutter.embedding.engine.FlutterJNI$AsyncWaitForVsyncDelegate -> io.flutter.embedding.engine.FlutterJNI$b:
    void asyncWaitForVsync(long) -> a
io.flutter.embedding.engine.FlutterShellArgs -> io.flutter.embedding.engine.d:
    java.util.Set args -> a
    io.flutter.embedding.engine.FlutterShellArgs fromIntent(android.content.Intent) -> a
    java.lang.String[] toArray() -> a
io.flutter.embedding.engine.dart.DartExecutor -> io.flutter.embedding.engine.e.a:
    io.flutter.embedding.engine.FlutterJNI flutterJNI -> a
    io.flutter.embedding.engine.dart.DartExecutor$IsolateServiceIdListener isolateServiceIdListener -> g
    java.lang.String isolateServiceId -> f
    io.flutter.embedding.engine.dart.DartMessenger dartMessenger -> c
    io.flutter.plugin.common.BinaryMessenger$BinaryMessageHandler isolateChannelMessageHandler -> h
    android.content.res.AssetManager assetManager -> b
    boolean isApplicationRunning -> e
    io.flutter.plugin.common.BinaryMessenger binaryMessenger -> d
    java.lang.String access$000(io.flutter.embedding.engine.dart.DartExecutor) -> a
    java.lang.String access$002(io.flutter.embedding.engine.dart.DartExecutor,java.lang.String) -> a
    void executeDartEntrypoint(io.flutter.embedding.engine.dart.DartExecutor$DartEntrypoint) -> a
    java.lang.String getIsolateServiceId() -> a
    void send(java.lang.String,java.nio.ByteBuffer,io.flutter.plugin.common.BinaryMessenger$BinaryReply) -> a
    void setMessageHandler(java.lang.String,io.flutter.plugin.common.BinaryMessenger$BinaryMessageHandler) -> a
    io.flutter.embedding.engine.dart.DartExecutor$IsolateServiceIdListener access$100(io.flutter.embedding.engine.dart.DartExecutor) -> b
    boolean isExecutingDart() -> b
    void notifyLowMemoryWarning() -> c
    void onAttachedToJNI() -> d
    void onDetachedFromJNI() -> e
io.flutter.embedding.engine.dart.DartExecutor$1 -> io.flutter.embedding.engine.e.a$a:
    io.flutter.embedding.engine.dart.DartExecutor this$0 -> a
    void onMessage(java.nio.ByteBuffer,io.flutter.plugin.common.BinaryMessenger$BinaryReply) -> a
io.flutter.embedding.engine.dart.DartExecutor$DartEntrypoint -> io.flutter.embedding.engine.e.a$b:
    java.lang.String pathToBundle -> a
    java.lang.String dartEntrypointFunctionName -> b